<?xml version="1.0" encoding="UTF-8"?>
<!-- Generated by org.testng.reporters.JUnitXMLReporter -->
<testsuite ignored="0" hostname="LTIN257953" failures="0" tests="10" name="ChromeTest" time="118.353" errors="0" timestamp="2024-03-27T11:31:10 IST">
  <testcase classname="TestCases.Test_Bookshelves" name="test1" time="5.175"/>
  <testcase classname="TestCases.Test_Bookshelves" name="storageType" time="4.076"/>
  <testcase classname="TestCases.Test_Bookshelves" name="setMaxPrice" time="1.52"/>
  <testcase classname="TestCases.Test_Bookshelves" name="printNameandPrice" time="1.502"/>
  <testcase classname="TestCases.StudyChairTestCase" name="goToStudyChair" time="5.635"/>
  <testcase classname="TestCases.StudyChairTestCase" name="showStudyChair" time="4.873"/>
  <testcase classname="TestCases.StudyChairTestCase" name="printChairDetials" time="0.575"/>
  <testcase classname="TestCases.Test_GiftCard" name="goToGiftCard" time="43.831"/>
  <testcase classname="TestCases.Test_GiftCard" name="getgiftCard" time="1.241"/>
  <testcase classname="TestCases.Test_GiftCard" name="allDetailsGiftCard" time="6.912"/>
</testsuite> <!-- ChromeTest -->
