<?xml version="1.0" encoding="UTF-8"?>
<!-- Generated by org.testng.reporters.JUnitXMLReporter -->
<testsuite ignored="0" hostname="LTIN257953" failures="0" tests="10" name="EdgeTest" time="117.616" errors="0" timestamp="2024-03-27T11:33:09 IST">
  <testcase classname="TestCases.Test_Bookshelves" name="test1" time="2.499"/>
  <testcase classname="TestCases.Test_Bookshelves" name="storageType" time="4.266"/>
  <testcase classname="TestCases.Test_Bookshelves" name="setMaxPrice" time="1.579"/>
  <testcase classname="TestCases.Test_Bookshelves" name="printNameandPrice" time="2.061"/>
  <testcase classname="TestCases.StudyChairTestCase" name="goToStudyChair" time="4.105"/>
  <testcase classname="TestCases.StudyChairTestCase" name="showStudyChair" time="5.242"/>
  <testcase classname="TestCases.StudyChairTestCase" name="printChairDetials" time="0.89"/>
  <testcase classname="TestCases.Test_GiftCard" name="goToGiftCard" time="41.55"/>
  <testcase classname="TestCases.Test_GiftCard" name="getgiftCard" time="0.878"/>
  <testcase classname="TestCases.Test_GiftCard" name="allDetailsGiftCard" time="11.341"/>
</testsuite> <!-- EdgeTest -->
