<?xml version="1.0" encoding="UTF-8"?>
<!-- Generated by org.testng.reporters.JUnitXMLReporter -->
<testsuite ignored="0" hostname="LTIN257953" failures="0" tests="10" name="Test" time="64.042" errors="0" timestamp="2024-03-27T01:02:57 IST">
  <testcase classname="TestCases.Test_Bookshelves" name="test1" time="2.408"/>
  <testcase classname="TestCases.Test_Bookshelves" name="storageType" time="4.026"/>
  <testcase classname="TestCases.Test_Bookshelves" name="setMaxPrice" time="1.364"/>
  <testcase classname="TestCases.Test_Bookshelves" name="printNameandPrice" time="2.008"/>
  <testcase classname="TestCases.StudyChairTestCase" name="goToStudyChair" time="3.979"/>
  <testcase classname="TestCases.StudyChairTestCase" name="showStudyChair" time="4.361"/>
  <testcase classname="TestCases.StudyChairTestCase" name="printChairDetials" time="0.335"/>
  <testcase classname="TestCases.Test_GiftCard" name="goToGiftCard" time="5.707"/>
  <testcase classname="TestCases.Test_GiftCard" name="getgiftCard" time="0.751"/>
  <testcase classname="TestCases.Test_GiftCard" name="allDetailsGiftCard" time="5.416"/>
</testsuite> <!-- Test -->
